<?xml version="1.0" encoding="UTF-8"?>
<!-- Generated by org.testng.reporters.JUnitXMLReporter -->
<testsuite ignored="3" hostname="Riddhi.local" failures="0" tests="1" name="Default test" time="21.861" errors="0" timestamp="2023-09-12T14:59:33 GMT-04:00">
  <testcase classname="testclass.HomePageTest" name="verifyHomePageTitleTest" time="0.039"/>
  <testcase classname="testclass.HomePageTest" name="searchTest" time="0.0">
    <ignored/>
  </testcase> <!-- searchTest -->
  <testcase classname="testclass.HomePageTest" name="GoogleLogoImageTest" time="0.0">
    <ignored/>
  </testcase> <!-- GoogleLogoImageTest -->
  <testcase classname="testclass.HomePageTest" name="ValidateLabelTest" time="0.0">
    <ignored/>
  </testcase> <!-- ValidateLabelTest -->
</testsuite> <!-- Default test -->
