<?xml version="1.0" encoding="UTF-8"?>
<!-- Generated by org.testng.reporters.JUnitXMLReporter -->
<testsuite ignored="0" hostname="Riddhi.local" failures="0" tests="3" name="Default test" time="24.645" errors="0" timestamp="2023-09-12T23:49:49 GMT-04:00">
  <testcase classname="testclass.HomePageTest" name="verifyHomePageTitleTest" time="0.024"/>
  <testcase classname="testclass.HomePageTest" name="ValidateLabelTest" time="0.447"/>
  <testcase classname="testclass.HomePageTest" name="searchTest" time="3.595"/>
</testsuite> <!-- Default test -->
