<?xml version="1.0" encoding="UTF-8"?>
<testsuite xmlns:xsi="http://www.w3.org/2001/XMLSchema-instance" xsi:noNamespaceSchemaLocation="https://maven.apache.org/surefire/maven-surefire-plugin/xsd/surefire-test-report-3.0.xsd" version="3.0" name="TestSuite" time="621.998" tests="29" errors="0" skipped="0" failures="0">
  <properties>
[...]
</properties>
  <testcase name="verifyQuantityTest" classname="testclass.BasketOverViewTest" time="1.02">
    <system-out><![CDATA[Before navigating to: 'https://store.google.com/'
Navigated to:'https://store.google.com/'
Trying to find Element By : By.xpath: //div[@class='gn5mEf uFvxge']
Found Element By : By.xpath: //div[@class='gn5mEf uFvxge']
Trying to click on: [[ChromeDriver: chrome on MAC (faa3cd1b20033786540f9dcfc76a7e3a)] -> xpath: //div[@class='gn5mEf uFvxge']]
Clicked on: [[ChromeDriver: chrome on MAC (faa3cd1b20033786540f9dcfc76a7e3a)] -> xpath: //div[@class='gn5mEf uFvxge']]
Trying to find Element By : By.xpath: //input[@placeholder='Search Google Store']
Found Element By : By.xpath: //input[@placeholder='Search Google Store']
Trying to find Element By : By.xpath: (//a[@class='P0LaXe'])[1]
Found Element By : By.xpath: (//a[@class='P0LaXe'])[1]
Trying to click on: [[ChromeDriver: chrome on MAC (faa3cd1b20033786540f9dcfc76a7e3a)] -> xpath: (//a[@class='P0LaXe'])[1]]
Clicked on: [[ChromeDriver: chrome on MAC (faa3cd1b20033786540f9dcfc76a7e3a)] -> xpath: (//a[@class='P0LaXe'])[1]]
Trying to find Element By : By.xpath: //bento-button[@doc-id='google_pixel_watch']
Found Element By : By.xpath: //bento-button[@doc-id='google_pixel_watch']
Trying to click on: [[ChromeDriver: chrome on MAC (faa3cd1b20033786540f9dcfc76a7e3a)] -> xpath: //bento-button[@doc-id='google_pixel_watch']]
Clicked on: [[ChromeDriver: chrome on MAC (faa3cd1b20033786540f9dcfc76a7e3a)] -> xpath: //bento-button[@doc-id='google_pixel_watch']]
Trying to find Element By : By.xpath: //button[@aria-label='Add to basket']
Found Element By : By.xpath: //button[@aria-label='Add to basket']
Trying to click on: [[ChromeDriver: chrome on MAC (faa3cd1b20033786540f9dcfc76a7e3a)] -> xpath: //button[@aria-label='Add to basket']]
Clicked on: [[ChromeDriver: chrome on MAC (faa3cd1b20033786540f9dcfc76a7e3a)] -> xpath: //button[@aria-label='Add to basket']]
Trying to find Element By : By.xpath: (//div[@class='VfPpkd-dgl2Hf-ppHlrf-sM5MNb'])[1]
Found Element By : By.xpath: (//div[@class='VfPpkd-dgl2Hf-ppHlrf-sM5MNb'])[1]
Trying to click on: [[ChromeDriver: chrome on MAC (faa3cd1b20033786540f9dcfc76a7e3a)] -> xpath: (//div[@class='VfPpkd-dgl2Hf-ppHlrf-sM5MNb'])[1]]
Clicked on: [[ChromeDriver: chrome on MAC (faa3cd1b20033786540f9dcfc76a7e3a)] -> xpath: (//div[@class='VfPpkd-dgl2Hf-ppHlrf-sM5MNb'])[1]]
Trying to find Element By : By.xpath: //select[@aria-label='Product quantity']
Found Element By : By.xpath: //select[@aria-label='Product quantity']
]]></system-out>
    <system-err><![CDATA[SLF4J: Failed to load class "org.slf4j.impl.StaticLoggerBinder".
SLF4J: Defaulting to no-operation (NOP) logger implementation
SLF4J: See http://www.slf4j.org/codes.html#StaticLoggerBinder for further details.
Starting ChromeDriver 114.0.5735.16 (7e1ff058633f5b79b1cd7479aca585ba385519d8-refs/branch-heads/5735@{#182}) on port 32293
Only local connections are allowed.
Please see https://chromedriver.chromium.org/security-considerations for suggestions on keeping ChromeDriver safe.
ChromeDriver was started successfully.
Sep 12, 2023 4:56:53 PM org.openqa.selenium.remote.ProtocolHandshake createSession
INFO: Detected dialect: W3C
]]></system-err>
  </testcase>
  <testcase name="clickonRemoveButtonTest" classname="testclass.BasketOverViewTest" time="7.132">
    <system-out><![CDATA[Before navigating to: 'https://store.google.com/'
Navigated to:'https://store.google.com/'
Trying to find Element By : By.xpath: //div[@class='gn5mEf uFvxge']
Found Element By : By.xpath: //div[@class='gn5mEf uFvxge']
Trying to click on: [[ChromeDriver: chrome on MAC (c1ff50e5aab4688a37d043697695c2cf)] -> xpath: //div[@class='gn5mEf uFvxge']]
Clicked on: [[ChromeDriver: chrome on MAC (c1ff50e5aab4688a37d043697695c2cf)] -> xpath: //div[@class='gn5mEf uFvxge']]
Trying to find Element By : By.xpath: //input[@placeholder='Search Google Store']
Found Element By : By.xpath: //input[@placeholder='Search Google Store']
Trying to find Element By : By.xpath: (//a[@class='P0LaXe'])[1]
Found Element By : By.xpath: (//a[@class='P0LaXe'])[1]
Trying to click on: [[ChromeDriver: chrome on MAC (c1ff50e5aab4688a37d043697695c2cf)] -> xpath: (//a[@class='P0LaXe'])[1]]
Clicked on: [[ChromeDriver: chrome on MAC (c1ff50e5aab4688a37d043697695c2cf)] -> xpath: (//a[@class='P0LaXe'])[1]]
Trying to find Element By : By.xpath: //bento-button[@doc-id='google_pixel_watch']
Found Element By : By.xpath: //bento-button[@doc-id='google_pixel_watch']
Trying to click on: [[ChromeDriver: chrome on MAC (c1ff50e5aab4688a37d043697695c2cf)] -> xpath: //bento-button[@doc-id='google_pixel_watch']]
Clicked on: [[ChromeDriver: chrome on MAC (c1ff50e5aab4688a37d043697695c2cf)] -> xpath: //bento-button[@doc-id='google_pixel_watch']]
Trying to find Element By : By.xpath: //button[@aria-label='Add to basket']
Found Element By : By.xpath: //button[@aria-label='Add to basket']
Trying to click on: [[ChromeDriver: chrome on MAC (c1ff50e5aab4688a37d043697695c2cf)] -> xpath: //button[@aria-label='Add to basket']]
Clicked on: [[ChromeDriver: chrome on MAC (c1ff50e5aab4688a37d043697695c2cf)] -> xpath: //button[@aria-label='Add to basket']]
Trying to find Element By : By.xpath: (//div[@class='VfPpkd-dgl2Hf-ppHlrf-sM5MNb'])[1]
Found Element By : By.xpath: (//div[@class='VfPpkd-dgl2Hf-ppHlrf-sM5MNb'])[1]
Trying to click on: [[ChromeDriver: chrome on MAC (c1ff50e5aab4688a37d043697695c2cf)] -> xpath: (//div[@class='VfPpkd-dgl2Hf-ppHlrf-sM5MNb'])[1]]
Clicked on: [[ChromeDriver: chrome on MAC (c1ff50e5aab4688a37d043697695c2cf)] -> xpath: (//div[@class='VfPpkd-dgl2Hf-ppHlrf-sM5MNb'])[1]]
Trying to find Element By : By.xpath: //button[@class='yjHiqb']
Found Element By : By.xpath: //button[@class='yjHiqb']
Trying to click on: [[ChromeDriver: chrome on MAC (c1ff50e5aab4688a37d043697695c2cf)] -> xpath: //button[@class='yjHiqb']]
Clicked on: [[ChromeDriver: chrome on MAC (c1ff50e5aab4688a37d043697695c2cf)] -> xpath: //button[@class='yjHiqb']]
]]></system-out>
    <system-err><![CDATA[Starting ChromeDriver 114.0.5735.16 (7e1ff058633f5b79b1cd7479aca585ba385519d8-refs/branch-heads/5735@{#182}) on port 22953
Only local connections are allowed.
Please see https://chromedriver.chromium.org/security-considerations for suggestions on keeping ChromeDriver safe.
ChromeDriver was started successfully.
Sep 12, 2023 4:57:21 PM org.openqa.selenium.remote.ProtocolHandshake createSession
INFO: Detected dialect: W3C
]]></system-err>
  </testcase>
  <testcase name="clickOncontinueShoppoingTest" classname="testclass.BasketOverViewTest" time="5.187">
    <system-out><![CDATA[Before navigating to: 'https://store.google.com/'
Navigated to:'https://store.google.com/'
Trying to find Element By : By.xpath: //div[@class='gn5mEf uFvxge']
Found Element By : By.xpath: //div[@class='gn5mEf uFvxge']
Trying to click on: [[ChromeDriver: chrome on MAC (1e8d9c75db5cc2daf18fabcc66eedd8f)] -> xpath: //div[@class='gn5mEf uFvxge']]
Clicked on: [[ChromeDriver: chrome on MAC (1e8d9c75db5cc2daf18fabcc66eedd8f)] -> xpath: //div[@class='gn5mEf uFvxge']]
Trying to find Element By : By.xpath: //input[@placeholder='Search Google Store']
Found Element By : By.xpath: //input[@placeholder='Search Google Store']
Trying to find Element By : By.xpath: (//a[@class='P0LaXe'])[1]
Found Element By : By.xpath: (//a[@class='P0LaXe'])[1]
Trying to click on: [[ChromeDriver: chrome on MAC (1e8d9c75db5cc2daf18fabcc66eedd8f)] -> xpath: (//a[@class='P0LaXe'])[1]]
Clicked on: [[ChromeDriver: chrome on MAC (1e8d9c75db5cc2daf18fabcc66eedd8f)] -> xpath: (//a[@class='P0LaXe'])[1]]
Trying to find Element By : By.xpath: //bento-button[@doc-id='google_pixel_watch']
Found Element By : By.xpath: //bento-button[@doc-id='google_pixel_watch']
Trying to click on: [[ChromeDriver: chrome on MAC (1e8d9c75db5cc2daf18fabcc66eedd8f)] -> xpath: //bento-button[@doc-id='google_pixel_watch']]
Clicked on: [[ChromeDriver: chrome on MAC (1e8d9c75db5cc2daf18fabcc66eedd8f)] -> xpath: //bento-button[@doc-id='google_pixel_watch']]
Trying to find Element By : By.xpath: //button[@aria-label='Add to basket']
Found Element By : By.xpath: //button[@aria-label='Add to basket']
Trying to click on: [[ChromeDriver: chrome on MAC (1e8d9c75db5cc2daf18fabcc66eedd8f)] -> xpath: //button[@aria-label='Add to basket']]
Clicked on: [[ChromeDriver: chrome on MAC (1e8d9c75db5cc2daf18fabcc66eedd8f)] -> xpath: //button[@aria-label='Add to basket']]
Trying to find Element By : By.xpath: (//div[@class='VfPpkd-dgl2Hf-ppHlrf-sM5MNb'])[1]
Found Element By : By.xpath: (//div[@class='VfPpkd-dgl2Hf-ppHlrf-sM5MNb'])[1]
Trying to click on: [[ChromeDriver: chrome on MAC (1e8d9c75db5cc2daf18fabcc66eedd8f)] -> xpath: (//div[@class='VfPpkd-dgl2Hf-ppHlrf-sM5MNb'])[1]]
Clicked on: [[ChromeDriver: chrome on MAC (1e8d9c75db5cc2daf18fabcc66eedd8f)] -> xpath: (//div[@class='VfPpkd-dgl2Hf-ppHlrf-sM5MNb'])[1]]
Trying to find Element By : By.xpath: //section[@class='oAHvAf']//a
Found Element By : By.xpath: //section[@class='oAHvAf']//a
Trying to click on: [[ChromeDriver: chrome on MAC (1e8d9c75db5cc2daf18fabcc66eedd8f)] -> xpath: //section[@class='oAHvAf']//a]
Clicked on: [[ChromeDriver: chrome on MAC (1e8d9c75db5cc2daf18fabcc66eedd8f)] -> xpath: //section[@class='oAHvAf']//a]
]]></system-out>
    <system-err><![CDATA[Starting ChromeDriver 114.0.5735.16 (7e1ff058633f5b79b1cd7479aca585ba385519d8-refs/branch-heads/5735@{#182}) on port 35277
Only local connections are allowed.
Please see https://chromedriver.chromium.org/security-considerations for suggestions on keeping ChromeDriver safe.
ChromeDriver was started successfully.
Sep 12, 2023 4:57:53 PM org.openqa.selenium.remote.ProtocolHandshake createSession
INFO: Detected dialect: W3C
]]></system-err>
  </testcase>
  <testcase name="clickOnSignInAndCheckOutTest" classname="testclass.BasketOverViewTest" time="6.921">
    <system-out><![CDATA[Before navigating to: 'https://store.google.com/'
Navigated to:'https://store.google.com/'
Trying to find Element By : By.xpath: //div[@class='gn5mEf uFvxge']
Found Element By : By.xpath: //div[@class='gn5mEf uFvxge']
Trying to click on: [[ChromeDriver: chrome on MAC (0f095f78ca90611ffbc1760e4140bc7d)] -> xpath: //div[@class='gn5mEf uFvxge']]
Clicked on: [[ChromeDriver: chrome on MAC (0f095f78ca90611ffbc1760e4140bc7d)] -> xpath: //div[@class='gn5mEf uFvxge']]
Trying to find Element By : By.xpath: //input[@placeholder='Search Google Store']
Found Element By : By.xpath: //input[@placeholder='Search Google Store']
Trying to find Element By : By.xpath: (//a[@class='P0LaXe'])[1]
Found Element By : By.xpath: (//a[@class='P0LaXe'])[1]
Trying to click on: [[ChromeDriver: chrome on MAC (0f095f78ca90611ffbc1760e4140bc7d)] -> xpath: (//a[@class='P0LaXe'])[1]]
Clicked on: [[ChromeDriver: chrome on MAC (0f095f78ca90611ffbc1760e4140bc7d)] -> xpath: (//a[@class='P0LaXe'])[1]]
Trying to find Element By : By.xpath: //bento-button[@doc-id='google_pixel_watch']
Found Element By : By.xpath: //bento-button[@doc-id='google_pixel_watch']
Trying to click on: [[ChromeDriver: chrome on MAC (0f095f78ca90611ffbc1760e4140bc7d)] -> xpath: //bento-button[@doc-id='google_pixel_watch']]
Clicked on: [[ChromeDriver: chrome on MAC (0f095f78ca90611ffbc1760e4140bc7d)] -> xpath: //bento-button[@doc-id='google_pixel_watch']]
Trying to find Element By : By.xpath: //button[@aria-label='Add to basket']
Found Element By : By.xpath: //button[@aria-label='Add to basket']
Trying to click on: [[ChromeDriver: chrome on MAC (0f095f78ca90611ffbc1760e4140bc7d)] -> xpath: //button[@aria-label='Add to basket']]
Clicked on: [[ChromeDriver: chrome on MAC (0f095f78ca90611ffbc1760e4140bc7d)] -> xpath: //button[@aria-label='Add to basket']]
Trying to find Element By : By.xpath: (//div[@class='VfPpkd-dgl2Hf-ppHlrf-sM5MNb'])[1]
Found Element By : By.xpath: (//div[@class='VfPpkd-dgl2Hf-ppHlrf-sM5MNb'])[1]
Trying to click on: [[ChromeDriver: chrome on MAC (0f095f78ca90611ffbc1760e4140bc7d)] -> xpath: (//div[@class='VfPpkd-dgl2Hf-ppHlrf-sM5MNb'])[1]]
Clicked on: [[ChromeDriver: chrome on MAC (0f095f78ca90611ffbc1760e4140bc7d)] -> xpath: (//div[@class='VfPpkd-dgl2Hf-ppHlrf-sM5MNb'])[1]]
Trying to find Element By : By.xpath: //div[@class='VfPpkd-dgl2Hf-ppHlrf-sM5MNb']/button
Found Element By : By.xpath: //div[@class='VfPpkd-dgl2Hf-ppHlrf-sM5MNb']/button
Trying to click on: [[ChromeDriver: chrome on MAC (0f095f78ca90611ffbc1760e4140bc7d)] -> xpath: //div[@class='VfPpkd-dgl2Hf-ppHlrf-sM5MNb']/button]
Clicked on: [[ChromeDriver: chrome on MAC (0f095f78ca90611ffbc1760e4140bc7d)] -> xpath: //div[@class='VfPpkd-dgl2Hf-ppHlrf-sM5MNb']/button]
]]></system-out>
    <system-err><![CDATA[Starting ChromeDriver 114.0.5735.16 (7e1ff058633f5b79b1cd7479aca585ba385519d8-refs/branch-heads/5735@{#182}) on port 32297
Only local connections are allowed.
Please see https://chromedriver.chromium.org/security-considerations for suggestions on keeping ChromeDriver safe.
ChromeDriver was started successfully.
Sep 12, 2023 4:58:23 PM org.openqa.selenium.remote.ProtocolHandshake createSession
INFO: Detected dialect: W3C
]]></system-err>
  </testcase>
  <testcase name="verifyWatchName" classname="testclass.PurchasePageTest" time="0.817">
    <system-out><![CDATA[Before navigating to: 'https://store.google.com/'
Navigated to:'https://store.google.com/'
Trying to find Element By : By.xpath: //div[@class='gn5mEf uFvxge']
Found Element By : By.xpath: //div[@class='gn5mEf uFvxge']
Trying to click on: [[ChromeDriver: chrome on MAC (72e95772e1c6e5f9bdd1b88dde5b1663)] -> xpath: //div[@class='gn5mEf uFvxge']]
Clicked on: [[ChromeDriver: chrome on MAC (72e95772e1c6e5f9bdd1b88dde5b1663)] -> xpath: //div[@class='gn5mEf uFvxge']]
Trying to find Element By : By.xpath: //input[@placeholder='Search Google Store']
Found Element By : By.xpath: //input[@placeholder='Search Google Store']
Trying to find Element By : By.xpath: (//a[@class='P0LaXe'])[1]
Found Element By : By.xpath: (//a[@class='P0LaXe'])[1]
Trying to click on: [[ChromeDriver: chrome on MAC (72e95772e1c6e5f9bdd1b88dde5b1663)] -> xpath: (//a[@class='P0LaXe'])[1]]
Clicked on: [[ChromeDriver: chrome on MAC (72e95772e1c6e5f9bdd1b88dde5b1663)] -> xpath: (//a[@class='P0LaXe'])[1]]
Trying to find Element By : By.xpath: //bento-button[@doc-id='google_pixel_watch']
Found Element By : By.xpath: //bento-button[@doc-id='google_pixel_watch']
Trying to click on: [[ChromeDriver: chrome on MAC (72e95772e1c6e5f9bdd1b88dde5b1663)] -> xpath: //bento-button[@doc-id='google_pixel_watch']]
Clicked on: [[ChromeDriver: chrome on MAC (72e95772e1c6e5f9bdd1b88dde5b1663)] -> xpath: //bento-button[@doc-id='google_pixel_watch']]
Trying to find Element By : By.xpath: //div[@class='LR1jKc']/h1
Found Element By : By.xpath: //div[@class='LR1jKc']/h1
]]></system-out>
    <system-err><![CDATA[Starting ChromeDriver 114.0.5735.16 (7e1ff058633f5b79b1cd7479aca585ba385519d8-refs/branch-heads/5735@{#182}) on port 13182
Only local connections are allowed.
Please see https://chromedriver.chromium.org/security-considerations for suggestions on keeping ChromeDriver safe.
ChromeDriver was started successfully.
Sep 12, 2023 4:58:54 PM org.openqa.selenium.remote.ProtocolHandshake createSession
INFO: Detected dialect: W3C
]]></system-err>
  </testcase>
  <testcase name="viewImageTest" classname="testclass.PurchasePageTest" time="6.998">
    <system-out><![CDATA[Before navigating to: 'https://store.google.com/'
Navigated to:'https://store.google.com/'
Trying to find Element By : By.xpath: //div[@class='gn5mEf uFvxge']
Found Element By : By.xpath: //div[@class='gn5mEf uFvxge']
Trying to click on: [[ChromeDriver: chrome on MAC (1ef59872558721b637aa86018b97c1a8)] -> xpath: //div[@class='gn5mEf uFvxge']]
Clicked on: [[ChromeDriver: chrome on MAC (1ef59872558721b637aa86018b97c1a8)] -> xpath: //div[@class='gn5mEf uFvxge']]
Trying to find Element By : By.xpath: //input[@placeholder='Search Google Store']
Found Element By : By.xpath: //input[@placeholder='Search Google Store']
Trying to find Element By : By.xpath: (//a[@class='P0LaXe'])[1]
Found Element By : By.xpath: (//a[@class='P0LaXe'])[1]
Trying to click on: [[ChromeDriver: chrome on MAC (1ef59872558721b637aa86018b97c1a8)] -> xpath: (//a[@class='P0LaXe'])[1]]
Clicked on: [[ChromeDriver: chrome on MAC (1ef59872558721b637aa86018b97c1a8)] -> xpath: (//a[@class='P0LaXe'])[1]]
Trying to find Element By : By.xpath: //bento-button[@doc-id='google_pixel_watch']
Found Element By : By.xpath: //bento-button[@doc-id='google_pixel_watch']
Trying to click on: [[ChromeDriver: chrome on MAC (1ef59872558721b637aa86018b97c1a8)] -> xpath: //bento-button[@doc-id='google_pixel_watch']]
Clicked on: [[ChromeDriver: chrome on MAC (1ef59872558721b637aa86018b97c1a8)] -> xpath: //bento-button[@doc-id='google_pixel_watch']]
Trying to find Element By : By.xpath: (//div[@class='KL4X6e TuA45b'])[1]
Found Element By : By.xpath: (//div[@class='KL4X6e TuA45b'])[1]
Trying to click on: [[ChromeDriver: chrome on MAC (1ef59872558721b637aa86018b97c1a8)] -> xpath: (//div[@class='KL4X6e TuA45b'])[1]]
Clicked on: [[ChromeDriver: chrome on MAC (1ef59872558721b637aa86018b97c1a8)] -> xpath: (//div[@class='KL4X6e TuA45b'])[1]]
Trying to find Element By : By.xpath: (//button[@class='vVIzYd'])[1]
Found Element By : By.xpath: (//button[@class='vVIzYd'])[1]
Trying to click on: [[ChromeDriver: chrome on MAC (1ef59872558721b637aa86018b97c1a8)] -> xpath: (//button[@class='vVIzYd'])[1]]
Clicked on: [[ChromeDriver: chrome on MAC (1ef59872558721b637aa86018b97c1a8)] -> xpath: (//button[@class='vVIzYd'])[1]]
Trying to find Element By : By.xpath: (//li[@class='tR99w'])[3]/button/div
Found Element By : By.xpath: (//li[@class='tR99w'])[3]/button/div
Trying to click on: [[ChromeDriver: chrome on MAC (1ef59872558721b637aa86018b97c1a8)] -> xpath: (//li[@class='tR99w'])[3]/button/div]
Clicked on: [[ChromeDriver: chrome on MAC (1ef59872558721b637aa86018b97c1a8)] -> xpath: (//li[@class='tR99w'])[3]/button/div]
Trying to find Element By : By.xpath: (//li[@class='tR99w'])[4]/button/div
Found Element By : By.xpath: (//li[@class='tR99w'])[4]/button/div
Trying to click on: [[ChromeDriver: chrome on MAC (1ef59872558721b637aa86018b97c1a8)] -> xpath: (//li[@class='tR99w'])[4]/button/div]
Clicked on: [[ChromeDriver: chrome on MAC (1ef59872558721b637aa86018b97c1a8)] -> xpath: (//li[@class='tR99w'])[4]/button/div]
]]></system-out>
    <system-err><![CDATA[Starting ChromeDriver 114.0.5735.16 (7e1ff058633f5b79b1cd7479aca585ba385519d8-refs/branch-heads/5735@{#182}) on port 45272
Only local connections are allowed.
Please see https://chromedriver.chromium.org/security-considerations for suggestions on keeping ChromeDriver safe.
ChromeDriver was started successfully.
Sep 12, 2023 4:59:10 PM org.openqa.selenium.remote.ProtocolHandshake createSession
INFO: Detected dialect: W3C
]]></system-err>
  </testcase>
  <testcase name="clickOnchalkbandTest" classname="testclass.PurchasePageTest" time="2.037">
    <system-out><![CDATA[Before navigating to: 'https://store.google.com/'
Navigated to:'https://store.google.com/'
Trying to find Element By : By.xpath: //div[@class='gn5mEf uFvxge']
Found Element By : By.xpath: //div[@class='gn5mEf uFvxge']
Trying to click on: [[ChromeDriver: chrome on MAC (8f66a102831453a70a888a4e89b01649)] -> xpath: //div[@class='gn5mEf uFvxge']]
Clicked on: [[ChromeDriver: chrome on MAC (8f66a102831453a70a888a4e89b01649)] -> xpath: //div[@class='gn5mEf uFvxge']]
Trying to find Element By : By.xpath: //input[@placeholder='Search Google Store']
Found Element By : By.xpath: //input[@placeholder='Search Google Store']
Trying to find Element By : By.xpath: (//a[@class='P0LaXe'])[1]
Found Element By : By.xpath: (//a[@class='P0LaXe'])[1]
Trying to click on: [[ChromeDriver: chrome on MAC (8f66a102831453a70a888a4e89b01649)] -> xpath: (//a[@class='P0LaXe'])[1]]
Clicked on: [[ChromeDriver: chrome on MAC (8f66a102831453a70a888a4e89b01649)] -> xpath: (//a[@class='P0LaXe'])[1]]
Trying to find Element By : By.xpath: //bento-button[@doc-id='google_pixel_watch']
Found Element By : By.xpath: //bento-button[@doc-id='google_pixel_watch']
Trying to click on: [[ChromeDriver: chrome on MAC (8f66a102831453a70a888a4e89b01649)] -> xpath: //bento-button[@doc-id='google_pixel_watch']]
Clicked on: [[ChromeDriver: chrome on MAC (8f66a102831453a70a888a4e89b01649)] -> xpath: //bento-button[@doc-id='google_pixel_watch']]
Trying to find Element By : By.xpath: (//button[@class='yQ6Ozb'])[3]
Found Element By : By.xpath: (//button[@class='yQ6Ozb'])[3]
Trying to click on: [[ChromeDriver: chrome on MAC (8f66a102831453a70a888a4e89b01649)] -> xpath: (//button[@class='yQ6Ozb'])[3]]
Clicked on: [[ChromeDriver: chrome on MAC (8f66a102831453a70a888a4e89b01649)] -> xpath: (//button[@class='yQ6Ozb'])[3]]
]]></system-out>
    <system-err><![CDATA[Starting ChromeDriver 114.0.5735.16 (7e1ff058633f5b79b1cd7479aca585ba385519d8-refs/branch-heads/5735@{#182}) on port 40715
Only local connections are allowed.
Please see https://chromedriver.chromium.org/security-considerations for suggestions on keeping ChromeDriver safe.
ChromeDriver was started successfully.
Sep 12, 2023 4:59:33 PM org.openqa.selenium.remote.ProtocolHandshake createSession
INFO: Detected dialect: W3C
]]></system-err>
  </testcase>
  <testcase name="clickOnConnectivityOptionTest" classname="testclass.PurchasePageTest" time="3.28">
    <system-out><![CDATA[Before navigating to: 'https://store.google.com/'
Navigated to:'https://store.google.com/'
Trying to find Element By : By.xpath: //div[@class='gn5mEf uFvxge']
Found Element By : By.xpath: //div[@class='gn5mEf uFvxge']
Trying to click on: [[ChromeDriver: chrome on MAC (9281cd4c4899e03e62572935a43cce58)] -> xpath: //div[@class='gn5mEf uFvxge']]
Clicked on: [[ChromeDriver: chrome on MAC (9281cd4c4899e03e62572935a43cce58)] -> xpath: //div[@class='gn5mEf uFvxge']]
Trying to find Element By : By.xpath: //input[@placeholder='Search Google Store']
Found Element By : By.xpath: //input[@placeholder='Search Google Store']
Trying to find Element By : By.xpath: (//a[@class='P0LaXe'])[1]
Found Element By : By.xpath: (//a[@class='P0LaXe'])[1]
Trying to click on: [[ChromeDriver: chrome on MAC (9281cd4c4899e03e62572935a43cce58)] -> xpath: (//a[@class='P0LaXe'])[1]]
Clicked on: [[ChromeDriver: chrome on MAC (9281cd4c4899e03e62572935a43cce58)] -> xpath: (//a[@class='P0LaXe'])[1]]
Trying to find Element By : By.xpath: //bento-button[@doc-id='google_pixel_watch']
Found Element By : By.xpath: //bento-button[@doc-id='google_pixel_watch']
Trying to click on: [[ChromeDriver: chrome on MAC (9281cd4c4899e03e62572935a43cce58)] -> xpath: //bento-button[@doc-id='google_pixel_watch']]
Clicked on: [[ChromeDriver: chrome on MAC (9281cd4c4899e03e62572935a43cce58)] -> xpath: //bento-button[@doc-id='google_pixel_watch']]
Trying to find Element By : By.xpath: //button[@class='yQ6Ozb d0rLhc u2nDAd']
Found Element By : By.xpath: //button[@class='yQ6Ozb d0rLhc u2nDAd']
Trying to click on: [[ChromeDriver: chrome on MAC (9281cd4c4899e03e62572935a43cce58)] -> xpath: //button[@class='yQ6Ozb d0rLhc u2nDAd']]
Clicked on: [[ChromeDriver: chrome on MAC (9281cd4c4899e03e62572935a43cce58)] -> xpath: //button[@class='yQ6Ozb d0rLhc u2nDAd']]
]]></system-out>
    <system-err><![CDATA[Starting ChromeDriver 114.0.5735.16 (7e1ff058633f5b79b1cd7479aca585ba385519d8-refs/branch-heads/5735@{#182}) on port 16858
Only local connections are allowed.
Please see https://chromedriver.chromium.org/security-considerations for suggestions on keeping ChromeDriver safe.
ChromeDriver was started successfully.
Sep 12, 2023 4:59:51 PM org.openqa.selenium.remote.ProtocolHandshake createSession
INFO: Detected dialect: W3C
]]></system-err>
  </testcase>
  <testcase name="clickOnAddtoBasketTest" classname="testclass.PurchasePageTest" time="8.973">
    <system-out><![CDATA[Before navigating to: 'https://store.google.com/'
Navigated to:'https://store.google.com/'
Trying to find Element By : By.xpath: //div[@class='gn5mEf uFvxge']
Found Element By : By.xpath: //div[@class='gn5mEf uFvxge']
Trying to click on: [[ChromeDriver: chrome on MAC (2d6392766f22dad39c1b58d576fd020e)] -> xpath: //div[@class='gn5mEf uFvxge']]
Clicked on: [[ChromeDriver: chrome on MAC (2d6392766f22dad39c1b58d576fd020e)] -> xpath: //div[@class='gn5mEf uFvxge']]
Trying to find Element By : By.xpath: //input[@placeholder='Search Google Store']
Found Element By : By.xpath: //input[@placeholder='Search Google Store']
Trying to find Element By : By.xpath: (//a[@class='P0LaXe'])[1]
Found Element By : By.xpath: (//a[@class='P0LaXe'])[1]
Trying to click on: [[ChromeDriver: chrome on MAC (2d6392766f22dad39c1b58d576fd020e)] -> xpath: (//a[@class='P0LaXe'])[1]]
Clicked on: [[ChromeDriver: chrome on MAC (2d6392766f22dad39c1b58d576fd020e)] -> xpath: (//a[@class='P0LaXe'])[1]]
Trying to find Element By : By.xpath: //bento-button[@doc-id='google_pixel_watch']
Found Element By : By.xpath: //bento-button[@doc-id='google_pixel_watch']
Trying to click on: [[ChromeDriver: chrome on MAC (2d6392766f22dad39c1b58d576fd020e)] -> xpath: //bento-button[@doc-id='google_pixel_watch']]
Clicked on: [[ChromeDriver: chrome on MAC (2d6392766f22dad39c1b58d576fd020e)] -> xpath: //bento-button[@doc-id='google_pixel_watch']]
Trying to find Element By : By.xpath: (//button[@class='yQ6Ozb'])[3]
Found Element By : By.xpath: (//button[@class='yQ6Ozb'])[3]
Trying to click on: [[ChromeDriver: chrome on MAC (2d6392766f22dad39c1b58d576fd020e)] -> xpath: (//button[@class='yQ6Ozb'])[3]]
Clicked on: [[ChromeDriver: chrome on MAC (2d6392766f22dad39c1b58d576fd020e)] -> xpath: (//button[@class='yQ6Ozb'])[3]]
Trying to find Element By : By.xpath: //button[@class='yQ6Ozb d0rLhc u2nDAd']
Found Element By : By.xpath: //button[@class='yQ6Ozb d0rLhc u2nDAd']
Trying to click on: [[ChromeDriver: chrome on MAC (2d6392766f22dad39c1b58d576fd020e)] -> xpath: //button[@class='yQ6Ozb d0rLhc u2nDAd']]
Clicked on: [[ChromeDriver: chrome on MAC (2d6392766f22dad39c1b58d576fd020e)] -> xpath: //button[@class='yQ6Ozb d0rLhc u2nDAd']]
Trying to find Element By : By.xpath: //button[@aria-label='Add to basket']
Found Element By : By.xpath: //button[@aria-label='Add to basket']
Trying to click on: [[ChromeDriver: chrome on MAC (2d6392766f22dad39c1b58d576fd020e)] -> xpath: //button[@aria-label='Add to basket']]
Clicked on: [[ChromeDriver: chrome on MAC (2d6392766f22dad39c1b58d576fd020e)] -> xpath: //button[@aria-label='Add to basket']]
]]></system-out>
    <system-err><![CDATA[Starting ChromeDriver 114.0.5735.16 (7e1ff058633f5b79b1cd7479aca585ba385519d8-refs/branch-heads/5735@{#182}) on port 26926
Only local connections are allowed.
Please see https://chromedriver.chromium.org/security-considerations for suggestions on keeping ChromeDriver safe.
ChromeDriver was started successfully.
Sep 12, 2023 5:00:10 PM org.openqa.selenium.remote.ProtocolHandshake createSession
INFO: Detected dialect: W3C
]]></system-err>
  </testcase>
  <testcase name="loginEmailWithSpecialCharTest" classname="testclass.GmailSignInPageTest" time="3.854">
    <system-out><![CDATA[Before navigating to: 'https://store.google.com/'
Navigated to:'https://store.google.com/'
Trying to find Element By : By.xpath: //div[@class='gn5mEf uFvxge']
Found Element By : By.xpath: //div[@class='gn5mEf uFvxge']
Trying to click on: [[ChromeDriver: chrome on MAC (182e0f084a6e26915507d7d5941ee8b1)] -> xpath: //div[@class='gn5mEf uFvxge']]
Clicked on: [[ChromeDriver: chrome on MAC (182e0f084a6e26915507d7d5941ee8b1)] -> xpath: //div[@class='gn5mEf uFvxge']]
Trying to find Element By : By.xpath: //input[@placeholder='Search Google Store']
Found Element By : By.xpath: //input[@placeholder='Search Google Store']
Trying to find Element By : By.xpath: (//a[@class='P0LaXe'])[1]
Found Element By : By.xpath: (//a[@class='P0LaXe'])[1]
Trying to click on: [[ChromeDriver: chrome on MAC (182e0f084a6e26915507d7d5941ee8b1)] -> xpath: (//a[@class='P0LaXe'])[1]]
Clicked on: [[ChromeDriver: chrome on MAC (182e0f084a6e26915507d7d5941ee8b1)] -> xpath: (//a[@class='P0LaXe'])[1]]
Trying to find Element By : By.xpath: //bento-button[@doc-id='google_pixel_watch']
Found Element By : By.xpath: //bento-button[@doc-id='google_pixel_watch']
Trying to click on: [[ChromeDriver: chrome on MAC (182e0f084a6e26915507d7d5941ee8b1)] -> xpath: //bento-button[@doc-id='google_pixel_watch']]
Clicked on: [[ChromeDriver: chrome on MAC (182e0f084a6e26915507d7d5941ee8b1)] -> xpath: //bento-button[@doc-id='google_pixel_watch']]
Trying to find Element By : By.xpath: //button[@aria-label='Add to basket']
Found Element By : By.xpath: //button[@aria-label='Add to basket']
Trying to click on: [[ChromeDriver: chrome on MAC (182e0f084a6e26915507d7d5941ee8b1)] -> xpath: //button[@aria-label='Add to basket']]
Clicked on: [[ChromeDriver: chrome on MAC (182e0f084a6e26915507d7d5941ee8b1)] -> xpath: //button[@aria-label='Add to basket']]
Trying to find Element By : By.xpath: (//div[@class='VfPpkd-dgl2Hf-ppHlrf-sM5MNb'])[1]
Found Element By : By.xpath: (//div[@class='VfPpkd-dgl2Hf-ppHlrf-sM5MNb'])[1]
Trying to click on: [[ChromeDriver: chrome on MAC (182e0f084a6e26915507d7d5941ee8b1)] -> xpath: (//div[@class='VfPpkd-dgl2Hf-ppHlrf-sM5MNb'])[1]]
Clicked on: [[ChromeDriver: chrome on MAC (182e0f084a6e26915507d7d5941ee8b1)] -> xpath: (//div[@class='VfPpkd-dgl2Hf-ppHlrf-sM5MNb'])[1]]
Trying to find Element By : By.xpath: //div[@class='VfPpkd-dgl2Hf-ppHlrf-sM5MNb']/button
Found Element By : By.xpath: //div[@class='VfPpkd-dgl2Hf-ppHlrf-sM5MNb']/button
Trying to click on: [[ChromeDriver: chrome on MAC (182e0f084a6e26915507d7d5941ee8b1)] -> xpath: //div[@class='VfPpkd-dgl2Hf-ppHlrf-sM5MNb']/button]
Clicked on: [[ChromeDriver: chrome on MAC (182e0f084a6e26915507d7d5941ee8b1)] -> xpath: //div[@class='VfPpkd-dgl2Hf-ppHlrf-sM5MNb']/button]
Trying to find Element By : By.xpath: //input[@type='email']
Found Element By : By.xpath: //input[@type='email']
Trying to find Element By : By.xpath: //div[@class='F9NWFb']//button
Found Element By : By.xpath: //div[@class='F9NWFb']//button
Trying to click on: [[ChromeDriver: chrome on MAC (182e0f084a6e26915507d7d5941ee8b1)] -> xpath: //div[@class='F9NWFb']//button]
Clicked on: [[ChromeDriver: chrome on MAC (182e0f084a6e26915507d7d5941ee8b1)] -> xpath: //div[@class='F9NWFb']//button]
Trying to find Element By : By.xpath: //div[@class = 'o6cuMc Jj6Lae']
Found Element By : By.xpath: //div[@class = 'o6cuMc Jj6Lae']
Enter a valid email or phone number
]]></system-out>
    <system-err><![CDATA[Starting ChromeDriver 114.0.5735.16 (7e1ff058633f5b79b1cd7479aca585ba385519d8-refs/branch-heads/5735@{#182}) on port 18724
Only local connections are allowed.
Please see https://chromedriver.chromium.org/security-considerations for suggestions on keeping ChromeDriver safe.
ChromeDriver was started successfully.
Sep 12, 2023 5:00:36 PM org.openqa.selenium.remote.ProtocolHandshake createSession
INFO: Detected dialect: W3C
]]></system-err>
  </testcase>
  <testcase name="loginWithEmptyEmailTest" classname="testclass.GmailSignInPageTest" time="3.529">
    <system-out><![CDATA[Before navigating to: 'https://store.google.com/'
Navigated to:'https://store.google.com/'
Trying to find Element By : By.xpath: //div[@class='gn5mEf uFvxge']
Found Element By : By.xpath: //div[@class='gn5mEf uFvxge']
Trying to click on: [[ChromeDriver: chrome on MAC (713b88b603f3515cb7c89723a1bd0371)] -> xpath: //div[@class='gn5mEf uFvxge']]
Clicked on: [[ChromeDriver: chrome on MAC (713b88b603f3515cb7c89723a1bd0371)] -> xpath: //div[@class='gn5mEf uFvxge']]
Trying to find Element By : By.xpath: //input[@placeholder='Search Google Store']
Found Element By : By.xpath: //input[@placeholder='Search Google Store']
Trying to find Element By : By.xpath: (//a[@class='P0LaXe'])[1]
Found Element By : By.xpath: (//a[@class='P0LaXe'])[1]
Trying to click on: [[ChromeDriver: chrome on MAC (713b88b603f3515cb7c89723a1bd0371)] -> xpath: (//a[@class='P0LaXe'])[1]]
Clicked on: [[ChromeDriver: chrome on MAC (713b88b603f3515cb7c89723a1bd0371)] -> xpath: (//a[@class='P0LaXe'])[1]]
Trying to find Element By : By.xpath: //bento-button[@doc-id='google_pixel_watch']
Found Element By : By.xpath: //bento-button[@doc-id='google_pixel_watch']
Trying to click on: [[ChromeDriver: chrome on MAC (713b88b603f3515cb7c89723a1bd0371)] -> xpath: //bento-button[@doc-id='google_pixel_watch']]
Clicked on: [[ChromeDriver: chrome on MAC (713b88b603f3515cb7c89723a1bd0371)] -> xpath: //bento-button[@doc-id='google_pixel_watch']]
Trying to find Element By : By.xpath: //button[@aria-label='Add to basket']
Found Element By : By.xpath: //button[@aria-label='Add to basket']
Trying to click on: [[ChromeDriver: chrome on MAC (713b88b603f3515cb7c89723a1bd0371)] -> xpath: //button[@aria-label='Add to basket']]
Clicked on: [[ChromeDriver: chrome on MAC (713b88b603f3515cb7c89723a1bd0371)] -> xpath: //button[@aria-label='Add to basket']]
Trying to find Element By : By.xpath: (//div[@class='VfPpkd-dgl2Hf-ppHlrf-sM5MNb'])[1]
Found Element By : By.xpath: (//div[@class='VfPpkd-dgl2Hf-ppHlrf-sM5MNb'])[1]
Trying to click on: [[ChromeDriver: chrome on MAC (713b88b603f3515cb7c89723a1bd0371)] -> xpath: (//div[@class='VfPpkd-dgl2Hf-ppHlrf-sM5MNb'])[1]]
Clicked on: [[ChromeDriver: chrome on MAC (713b88b603f3515cb7c89723a1bd0371)] -> xpath: (//div[@class='VfPpkd-dgl2Hf-ppHlrf-sM5MNb'])[1]]
Trying to find Element By : By.xpath: //div[@class='VfPpkd-dgl2Hf-ppHlrf-sM5MNb']/button
Found Element By : By.xpath: //div[@class='VfPpkd-dgl2Hf-ppHlrf-sM5MNb']/button
Trying to click on: [[ChromeDriver: chrome on MAC (713b88b603f3515cb7c89723a1bd0371)] -> xpath: //div[@class='VfPpkd-dgl2Hf-ppHlrf-sM5MNb']/button]
Clicked on: [[ChromeDriver: chrome on MAC (713b88b603f3515cb7c89723a1bd0371)] -> xpath: //div[@class='VfPpkd-dgl2Hf-ppHlrf-sM5MNb']/button]
Trying to find Element By : By.xpath: //input[@type='email']
Found Element By : By.xpath: //input[@type='email']
Trying to find Element By : By.xpath: //div[@class='F9NWFb']//button
Found Element By : By.xpath: //div[@class='F9NWFb']//button
Trying to click on: [[ChromeDriver: chrome on MAC (713b88b603f3515cb7c89723a1bd0371)] -> xpath: //div[@class='F9NWFb']//button]
Clicked on: [[ChromeDriver: chrome on MAC (713b88b603f3515cb7c89723a1bd0371)] -> xpath: //div[@class='F9NWFb']//button]
Trying to find Element By : By.xpath: //div[@class = 'o6cuMc Jj6Lae']
Found Element By : By.xpath: //div[@class = 'o6cuMc Jj6Lae']
Enter an email or phone number
]]></system-out>
    <system-err><![CDATA[Starting ChromeDriver 114.0.5735.16 (7e1ff058633f5b79b1cd7479aca585ba385519d8-refs/branch-heads/5735@{#182}) on port 5648
Only local connections are allowed.
Please see https://chromedriver.chromium.org/security-considerations for suggestions on keeping ChromeDriver safe.
ChromeDriver was started successfully.
Sep 12, 2023 5:01:12 PM org.openqa.selenium.remote.ProtocolHandshake createSession
INFO: Detected dialect: W3C
]]></system-err>
  </testcase>
  <testcase name="loginWithWrongEmailTest" classname="testclass.GmailSignInPageTest" time="3.754">
    <system-out><![CDATA[Before navigating to: 'https://store.google.com/'
Navigated to:'https://store.google.com/'
Trying to find Element By : By.xpath: //div[@class='gn5mEf uFvxge']
Found Element By : By.xpath: //div[@class='gn5mEf uFvxge']
Trying to click on: [[ChromeDriver: chrome on MAC (74c62572a2d5b56eb19791fd6d9c4295)] -> xpath: //div[@class='gn5mEf uFvxge']]
Clicked on: [[ChromeDriver: chrome on MAC (74c62572a2d5b56eb19791fd6d9c4295)] -> xpath: //div[@class='gn5mEf uFvxge']]
Trying to find Element By : By.xpath: //input[@placeholder='Search Google Store']
Found Element By : By.xpath: //input[@placeholder='Search Google Store']
Trying to find Element By : By.xpath: (//a[@class='P0LaXe'])[1]
Found Element By : By.xpath: (//a[@class='P0LaXe'])[1]
Trying to click on: [[ChromeDriver: chrome on MAC (74c62572a2d5b56eb19791fd6d9c4295)] -> xpath: (//a[@class='P0LaXe'])[1]]
Clicked on: [[ChromeDriver: chrome on MAC (74c62572a2d5b56eb19791fd6d9c4295)] -> xpath: (//a[@class='P0LaXe'])[1]]
Trying to find Element By : By.xpath: //bento-button[@doc-id='google_pixel_watch']
Found Element By : By.xpath: //bento-button[@doc-id='google_pixel_watch']
Trying to click on: [[ChromeDriver: chrome on MAC (74c62572a2d5b56eb19791fd6d9c4295)] -> xpath: //bento-button[@doc-id='google_pixel_watch']]
Clicked on: [[ChromeDriver: chrome on MAC (74c62572a2d5b56eb19791fd6d9c4295)] -> xpath: //bento-button[@doc-id='google_pixel_watch']]
Trying to find Element By : By.xpath: //button[@aria-label='Add to basket']
Found Element By : By.xpath: //button[@aria-label='Add to basket']
Trying to click on: [[ChromeDriver: chrome on MAC (74c62572a2d5b56eb19791fd6d9c4295)] -> xpath: //button[@aria-label='Add to basket']]
Clicked on: [[ChromeDriver: chrome on MAC (74c62572a2d5b56eb19791fd6d9c4295)] -> xpath: //button[@aria-label='Add to basket']]
Trying to find Element By : By.xpath: (//div[@class='VfPpkd-dgl2Hf-ppHlrf-sM5MNb'])[1]
Found Element By : By.xpath: (//div[@class='VfPpkd-dgl2Hf-ppHlrf-sM5MNb'])[1]
Trying to click on: [[ChromeDriver: chrome on MAC (74c62572a2d5b56eb19791fd6d9c4295)] -> xpath: (//div[@class='VfPpkd-dgl2Hf-ppHlrf-sM5MNb'])[1]]
Clicked on: [[ChromeDriver: chrome on MAC (74c62572a2d5b56eb19791fd6d9c4295)] -> xpath: (//div[@class='VfPpkd-dgl2Hf-ppHlrf-sM5MNb'])[1]]
Trying to find Element By : By.xpath: //div[@class='VfPpkd-dgl2Hf-ppHlrf-sM5MNb']/button
Found Element By : By.xpath: //div[@class='VfPpkd-dgl2Hf-ppHlrf-sM5MNb']/button
Trying to click on: [[ChromeDriver: chrome on MAC (74c62572a2d5b56eb19791fd6d9c4295)] -> xpath: //div[@class='VfPpkd-dgl2Hf-ppHlrf-sM5MNb']/button]
Clicked on: [[ChromeDriver: chrome on MAC (74c62572a2d5b56eb19791fd6d9c4295)] -> xpath: //div[@class='VfPpkd-dgl2Hf-ppHlrf-sM5MNb']/button]
Trying to find Element By : By.xpath: //input[@type='email']
Found Element By : By.xpath: //input[@type='email']
Trying to find Element By : By.xpath: //div[@class='F9NWFb']//button
Found Element By : By.xpath: //div[@class='F9NWFb']//button
Trying to click on: [[ChromeDriver: chrome on MAC (74c62572a2d5b56eb19791fd6d9c4295)] -> xpath: //div[@class='F9NWFb']//button]
Clicked on: [[ChromeDriver: chrome on MAC (74c62572a2d5b56eb19791fd6d9c4295)] -> xpath: //div[@class='F9NWFb']//button]
Trying to find Element By : By.xpath: //div[@class = 'o6cuMc Jj6Lae']
Found Element By : By.xpath: //div[@class = 'o6cuMc Jj6Lae']
Couldn't find your Google Account
]]></system-out>
    <system-err><![CDATA[Starting ChromeDriver 114.0.5735.16 (7e1ff058633f5b79b1cd7479aca585ba385519d8-refs/branch-heads/5735@{#182}) on port 48788
Only local connections are allowed.
Please see https://chromedriver.chromium.org/security-considerations for suggestions on keeping ChromeDriver safe.
ChromeDriver was started successfully.
Sep 12, 2023 5:01:48 PM org.openqa.selenium.remote.ProtocolHandshake createSession
INFO: Detected dialect: W3C
]]></system-err>
  </testcase>
  <testcase name="loginWithWrongPhoneTest" classname="testclass.GmailSignInPageTest" time="3.621">
    <system-out><![CDATA[Before navigating to: 'https://store.google.com/'
Navigated to:'https://store.google.com/'
Trying to find Element By : By.xpath: //div[@class='gn5mEf uFvxge']
Found Element By : By.xpath: //div[@class='gn5mEf uFvxge']
Trying to click on: [[ChromeDriver: chrome on MAC (cfb174475a27173581325af1cbef6ac6)] -> xpath: //div[@class='gn5mEf uFvxge']]
Clicked on: [[ChromeDriver: chrome on MAC (cfb174475a27173581325af1cbef6ac6)] -> xpath: //div[@class='gn5mEf uFvxge']]
Trying to find Element By : By.xpath: //input[@placeholder='Search Google Store']
Found Element By : By.xpath: //input[@placeholder='Search Google Store']
Trying to find Element By : By.xpath: (//a[@class='P0LaXe'])[1]
Found Element By : By.xpath: (//a[@class='P0LaXe'])[1]
Trying to click on: [[ChromeDriver: chrome on MAC (cfb174475a27173581325af1cbef6ac6)] -> xpath: (//a[@class='P0LaXe'])[1]]
Clicked on: [[ChromeDriver: chrome on MAC (cfb174475a27173581325af1cbef6ac6)] -> xpath: (//a[@class='P0LaXe'])[1]]
Trying to find Element By : By.xpath: //bento-button[@doc-id='google_pixel_watch']
Found Element By : By.xpath: //bento-button[@doc-id='google_pixel_watch']
Trying to click on: [[ChromeDriver: chrome on MAC (cfb174475a27173581325af1cbef6ac6)] -> xpath: //bento-button[@doc-id='google_pixel_watch']]
Clicked on: [[ChromeDriver: chrome on MAC (cfb174475a27173581325af1cbef6ac6)] -> xpath: //bento-button[@doc-id='google_pixel_watch']]
Trying to find Element By : By.xpath: //button[@aria-label='Add to basket']
Found Element By : By.xpath: //button[@aria-label='Add to basket']
Trying to click on: [[ChromeDriver: chrome on MAC (cfb174475a27173581325af1cbef6ac6)] -> xpath: //button[@aria-label='Add to basket']]
Clicked on: [[ChromeDriver: chrome on MAC (cfb174475a27173581325af1cbef6ac6)] -> xpath: //button[@aria-label='Add to basket']]
Trying to find Element By : By.xpath: (//div[@class='VfPpkd-dgl2Hf-ppHlrf-sM5MNb'])[1]
Found Element By : By.xpath: (//div[@class='VfPpkd-dgl2Hf-ppHlrf-sM5MNb'])[1]
Trying to click on: [[ChromeDriver: chrome on MAC (cfb174475a27173581325af1cbef6ac6)] -> xpath: (//div[@class='VfPpkd-dgl2Hf-ppHlrf-sM5MNb'])[1]]
Clicked on: [[ChromeDriver: chrome on MAC (cfb174475a27173581325af1cbef6ac6)] -> xpath: (//div[@class='VfPpkd-dgl2Hf-ppHlrf-sM5MNb'])[1]]
Trying to find Element By : By.xpath: //div[@class='VfPpkd-dgl2Hf-ppHlrf-sM5MNb']/button
Found Element By : By.xpath: //div[@class='VfPpkd-dgl2Hf-ppHlrf-sM5MNb']/button
Trying to click on: [[ChromeDriver: chrome on MAC (cfb174475a27173581325af1cbef6ac6)] -> xpath: //div[@class='VfPpkd-dgl2Hf-ppHlrf-sM5MNb']/button]
Clicked on: [[ChromeDriver: chrome on MAC (cfb174475a27173581325af1cbef6ac6)] -> xpath: //div[@class='VfPpkd-dgl2Hf-ppHlrf-sM5MNb']/button]
Trying to find Element By : By.xpath: //input[@type='email']
Found Element By : By.xpath: //input[@type='email']
Trying to find Element By : By.xpath: //div[@class='F9NWFb']//button
Found Element By : By.xpath: //div[@class='F9NWFb']//button
Trying to click on: [[ChromeDriver: chrome on MAC (cfb174475a27173581325af1cbef6ac6)] -> xpath: //div[@class='F9NWFb']//button]
Clicked on: [[ChromeDriver: chrome on MAC (cfb174475a27173581325af1cbef6ac6)] -> xpath: //div[@class='F9NWFb']//button]
Trying to find Element By : By.xpath: //div[@class = 'o6cuMc Jj6Lae']
Found Element By : By.xpath: //div[@class = 'o6cuMc Jj6Lae']
Couldn't find your Google Account
]]></system-out>
    <system-err><![CDATA[Starting ChromeDriver 114.0.5735.16 (7e1ff058633f5b79b1cd7479aca585ba385519d8-refs/branch-heads/5735@{#182}) on port 20640
Only local connections are allowed.
Please see https://chromedriver.chromium.org/security-considerations for suggestions on keeping ChromeDriver safe.
ChromeDriver was started successfully.
Sep 12, 2023 5:02:24 PM org.openqa.selenium.remote.ProtocolHandshake createSession
INFO: Detected dialect: W3C
]]></system-err>
  </testcase>
  <testcase name="verifyHomePageTitleTest" classname="testclass.HomePageTest" time="0.016">
    <system-out><![CDATA[Before navigating to: 'https://store.google.com/'
Navigated to:'https://store.google.com/'
]]></system-out>
    <system-err><![CDATA[Starting ChromeDriver 114.0.5735.16 (7e1ff058633f5b79b1cd7479aca585ba385519d8-refs/branch-heads/5735@{#182}) on port 24410
Only local connections are allowed.
Please see https://chromedriver.chromium.org/security-considerations for suggestions on keeping ChromeDriver safe.
ChromeDriver was started successfully.
Sep 12, 2023 5:02:59 PM org.openqa.selenium.remote.ProtocolHandshake createSession
INFO: Detected dialect: W3C
]]></system-err>
  </testcase>
  <testcase name="GoogleLogoImageTest" classname="testclass.HomePageTest" time="0.052">
    <system-out><![CDATA[Before navigating to: 'https://store.google.com/'
Navigated to:'https://store.google.com/'
Trying to find Element By : By.xpath: //a[@class = 'ECZKFf']
Found Element By : By.xpath: //a[@class = 'ECZKFf']
]]></system-out>
    <system-err><![CDATA[Starting ChromeDriver 114.0.5735.16 (7e1ff058633f5b79b1cd7479aca585ba385519d8-refs/branch-heads/5735@{#182}) on port 11390
Only local connections are allowed.
Please see https://chromedriver.chromium.org/security-considerations for suggestions on keeping ChromeDriver safe.
ChromeDriver was started successfully.
Sep 12, 2023 5:03:06 PM org.openqa.selenium.remote.ProtocolHandshake createSession
INFO: Detected dialect: W3C
]]></system-err>
  </testcase>
  <testcase name="ValidateLabelTest" classname="testclass.HomePageTest" time="0.262">
    <system-out><![CDATA[Before navigating to: 'https://store.google.com/'
Navigated to:'https://store.google.com/'
Trying to find Element By : By.xpath: //div[@id='desktop-products']/a[1]
Found Element By : By.xpath: //div[@id='desktop-products']/a[1]
Trying to find Element By : By.xpath: //div[@id='desktop-products']/a[2]
Found Element By : By.xpath: //div[@id='desktop-products']/a[2]
Trying to find Element By : By.xpath: //div[@id='desktop-products']/a[3]
Found Element By : By.xpath: //div[@id='desktop-products']/a[3]
Trying to find Element By : By.xpath: //div[@id='desktop-products']/a[4]
Found Element By : By.xpath: //div[@id='desktop-products']/a[4]
Trying to find Element By : By.xpath: //div[@id='desktop-products']/a[5]
Found Element By : By.xpath: //div[@id='desktop-products']/a[5]
Trying to find Element By : By.xpath: //div[@id='desktop-products']/a[6]
Found Element By : By.xpath: //div[@id='desktop-products']/a[6]
Trying to find Element By : By.xpath: //div[@id='desktop-products']/a[7]
Found Element By : By.xpath: //div[@id='desktop-products']/a[7]
]]></system-out>
    <system-err><![CDATA[Starting ChromeDriver 114.0.5735.16 (7e1ff058633f5b79b1cd7479aca585ba385519d8-refs/branch-heads/5735@{#182}) on port 40713
Only local connections are allowed.
Please see https://chromedriver.chromium.org/security-considerations for suggestions on keeping ChromeDriver safe.
ChromeDriver was started successfully.
Sep 12, 2023 5:03:12 PM org.openqa.selenium.remote.ProtocolHandshake createSession
INFO: Detected dialect: W3C
]]></system-err>
  </testcase>
  <testcase name="searchTest" classname="testclass.HomePageTest" time="4.45">
    <system-out><![CDATA[Before navigating to: 'https://store.google.com/'
Navigated to:'https://store.google.com/'
Trying to find Element By : By.xpath: //div[@class='gn5mEf uFvxge']
Found Element By : By.xpath: //div[@class='gn5mEf uFvxge']
Trying to click on: [[ChromeDriver: chrome on MAC (ada64e36b0982985a5e7b7d9ee5a58c0)] -> xpath: //div[@class='gn5mEf uFvxge']]
Clicked on: [[ChromeDriver: chrome on MAC (ada64e36b0982985a5e7b7d9ee5a58c0)] -> xpath: //div[@class='gn5mEf uFvxge']]
Trying to find Element By : By.xpath: //input[@placeholder='Search Google Store']
Found Element By : By.xpath: //input[@placeholder='Search Google Store']
]]></system-out>
    <system-err><![CDATA[Starting ChromeDriver 114.0.5735.16 (7e1ff058633f5b79b1cd7479aca585ba385519d8-refs/branch-heads/5735@{#182}) on port 12064
Only local connections are allowed.
Please see https://chromedriver.chromium.org/security-considerations for suggestions on keeping ChromeDriver safe.
ChromeDriver was started successfully.
Sep 12, 2023 5:03:17 PM org.openqa.selenium.remote.ProtocolHandshake createSession
INFO: Detected dialect: W3C
]]></system-err>
  </testcase>
  <testcase name="verifyAddedLabelTest" classname="testclass.AddtoCartPageTest" time="2.323">
    <system-out><![CDATA[Before navigating to: 'https://store.google.com/'
Navigated to:'https://store.google.com/'
Trying to find Element By : By.xpath: //div[@class='gn5mEf uFvxge']
Found Element By : By.xpath: //div[@class='gn5mEf uFvxge']
Trying to click on: [[ChromeDriver: chrome on MAC (8d46f387cbdae64e5b089e25d92cb27f)] -> xpath: //div[@class='gn5mEf uFvxge']]
Clicked on: [[ChromeDriver: chrome on MAC (8d46f387cbdae64e5b089e25d92cb27f)] -> xpath: //div[@class='gn5mEf uFvxge']]
Trying to find Element By : By.xpath: //input[@placeholder='Search Google Store']
Found Element By : By.xpath: //input[@placeholder='Search Google Store']
Trying to find Element By : By.xpath: (//a[@class='P0LaXe'])[1]
Found Element By : By.xpath: (//a[@class='P0LaXe'])[1]
Trying to click on: [[ChromeDriver: chrome on MAC (8d46f387cbdae64e5b089e25d92cb27f)] -> xpath: (//a[@class='P0LaXe'])[1]]
Clicked on: [[ChromeDriver: chrome on MAC (8d46f387cbdae64e5b089e25d92cb27f)] -> xpath: (//a[@class='P0LaXe'])[1]]
Trying to find Element By : By.xpath: //bento-button[@doc-id='google_pixel_watch']
Found Element By : By.xpath: //bento-button[@doc-id='google_pixel_watch']
Trying to click on: [[ChromeDriver: chrome on MAC (8d46f387cbdae64e5b089e25d92cb27f)] -> xpath: //bento-button[@doc-id='google_pixel_watch']]
Clicked on: [[ChromeDriver: chrome on MAC (8d46f387cbdae64e5b089e25d92cb27f)] -> xpath: //bento-button[@doc-id='google_pixel_watch']]
Trying to find Element By : By.xpath: //button[@aria-label='Add to basket']
Found Element By : By.xpath: //button[@aria-label='Add to basket']
Trying to click on: [[ChromeDriver: chrome on MAC (8d46f387cbdae64e5b089e25d92cb27f)] -> xpath: //button[@aria-label='Add to basket']]
Clicked on: [[ChromeDriver: chrome on MAC (8d46f387cbdae64e5b089e25d92cb27f)] -> xpath: //button[@aria-label='Add to basket']]
Trying to find Element By : By.xpath: (//div[@class='noqMHd'])[1]
Found Element By : By.xpath: (//div[@class='noqMHd'])[1]
]]></system-out>
    <system-err><![CDATA[Starting ChromeDriver 114.0.5735.16 (7e1ff058633f5b79b1cd7479aca585ba385519d8-refs/branch-heads/5735@{#182}) on port 12697
Only local connections are allowed.
Please see https://chromedriver.chromium.org/security-considerations for suggestions on keeping ChromeDriver safe.
ChromeDriver was started successfully.
Sep 12, 2023 5:03:28 PM org.openqa.selenium.remote.ProtocolHandshake createSession
INFO: Detected dialect: W3C
]]></system-err>
  </testcase>
  <testcase name="clickonGoToBasketButtonTest" classname="testclass.AddtoCartPageTest" time="5.147">
    <system-out><![CDATA[Before navigating to: 'https://store.google.com/'
Navigated to:'https://store.google.com/'
Trying to find Element By : By.xpath: //div[@class='gn5mEf uFvxge']
Found Element By : By.xpath: //div[@class='gn5mEf uFvxge']
Trying to click on: [[ChromeDriver: chrome on MAC (0fc00688887f4307e5dbf4a45d3da99a)] -> xpath: //div[@class='gn5mEf uFvxge']]
Clicked on: [[ChromeDriver: chrome on MAC (0fc00688887f4307e5dbf4a45d3da99a)] -> xpath: //div[@class='gn5mEf uFvxge']]
Trying to find Element By : By.xpath: //input[@placeholder='Search Google Store']
Found Element By : By.xpath: //input[@placeholder='Search Google Store']
Trying to find Element By : By.xpath: (//a[@class='P0LaXe'])[1]
Found Element By : By.xpath: (//a[@class='P0LaXe'])[1]
Trying to click on: [[ChromeDriver: chrome on MAC (0fc00688887f4307e5dbf4a45d3da99a)] -> xpath: (//a[@class='P0LaXe'])[1]]
Clicked on: [[ChromeDriver: chrome on MAC (0fc00688887f4307e5dbf4a45d3da99a)] -> xpath: (//a[@class='P0LaXe'])[1]]
Trying to find Element By : By.xpath: //bento-button[@doc-id='google_pixel_watch']
Found Element By : By.xpath: //bento-button[@doc-id='google_pixel_watch']
Trying to click on: [[ChromeDriver: chrome on MAC (0fc00688887f4307e5dbf4a45d3da99a)] -> xpath: //bento-button[@doc-id='google_pixel_watch']]
Clicked on: [[ChromeDriver: chrome on MAC (0fc00688887f4307e5dbf4a45d3da99a)] -> xpath: //bento-button[@doc-id='google_pixel_watch']]
Trying to find Element By : By.xpath: //button[@aria-label='Add to basket']
Found Element By : By.xpath: //button[@aria-label='Add to basket']
Trying to click on: [[ChromeDriver: chrome on MAC (0fc00688887f4307e5dbf4a45d3da99a)] -> xpath: //button[@aria-label='Add to basket']]
Clicked on: [[ChromeDriver: chrome on MAC (0fc00688887f4307e5dbf4a45d3da99a)] -> xpath: //button[@aria-label='Add to basket']]
Trying to find Element By : By.xpath: (//div[@class='VfPpkd-dgl2Hf-ppHlrf-sM5MNb'])[1]
Found Element By : By.xpath: (//div[@class='VfPpkd-dgl2Hf-ppHlrf-sM5MNb'])[1]
Trying to click on: [[ChromeDriver: chrome on MAC (0fc00688887f4307e5dbf4a45d3da99a)] -> xpath: (//div[@class='VfPpkd-dgl2Hf-ppHlrf-sM5MNb'])[1]]
Clicked on: [[ChromeDriver: chrome on MAC (0fc00688887f4307e5dbf4a45d3da99a)] -> xpath: (//div[@class='VfPpkd-dgl2Hf-ppHlrf-sM5MNb'])[1]]
]]></system-out>
    <system-err><![CDATA[Starting ChromeDriver 114.0.5735.16 (7e1ff058633f5b79b1cd7479aca585ba385519d8-refs/branch-heads/5735@{#182}) on port 40286
Only local connections are allowed.
Please see https://chromedriver.chromium.org/security-considerations for suggestions on keeping ChromeDriver safe.
ChromeDriver was started successfully.
Sep 12, 2023 5:03:49 PM org.openqa.selenium.remote.ProtocolHandshake createSession
INFO: Detected dialect: W3C
]]></system-err>
  </testcase>
  <testcase name="verifyEmptyLabelTest" classname="testclass.BasketPageTest" time="0.031">
    <system-out><![CDATA[Before navigating to: 'https://store.google.com/'
Navigated to:'https://store.google.com/'
Trying to find Element By : By.xpath: //div[@class='gn5mEf uFvxge']
Found Element By : By.xpath: //div[@class='gn5mEf uFvxge']
Trying to click on: [[ChromeDriver: chrome on MAC (efec45784851b786320c3aafeb184800)] -> xpath: //div[@class='gn5mEf uFvxge']]
Clicked on: [[ChromeDriver: chrome on MAC (efec45784851b786320c3aafeb184800)] -> xpath: //div[@class='gn5mEf uFvxge']]
Trying to find Element By : By.xpath: //input[@placeholder='Search Google Store']
Found Element By : By.xpath: //input[@placeholder='Search Google Store']
Trying to find Element By : By.xpath: (//a[@class='P0LaXe'])[1]
Found Element By : By.xpath: (//a[@class='P0LaXe'])[1]
Trying to click on: [[ChromeDriver: chrome on MAC (efec45784851b786320c3aafeb184800)] -> xpath: (//a[@class='P0LaXe'])[1]]
Clicked on: [[ChromeDriver: chrome on MAC (efec45784851b786320c3aafeb184800)] -> xpath: (//a[@class='P0LaXe'])[1]]
Trying to find Element By : By.xpath: //bento-button[@doc-id='google_pixel_watch']
Found Element By : By.xpath: //bento-button[@doc-id='google_pixel_watch']
Trying to click on: [[ChromeDriver: chrome on MAC (efec45784851b786320c3aafeb184800)] -> xpath: //bento-button[@doc-id='google_pixel_watch']]
Clicked on: [[ChromeDriver: chrome on MAC (efec45784851b786320c3aafeb184800)] -> xpath: //bento-button[@doc-id='google_pixel_watch']]
Trying to find Element By : By.xpath: //button[@aria-label='Add to basket']
Found Element By : By.xpath: //button[@aria-label='Add to basket']
Trying to click on: [[ChromeDriver: chrome on MAC (efec45784851b786320c3aafeb184800)] -> xpath: //button[@aria-label='Add to basket']]
Clicked on: [[ChromeDriver: chrome on MAC (efec45784851b786320c3aafeb184800)] -> xpath: //button[@aria-label='Add to basket']]
Trying to find Element By : By.xpath: (//div[@class='VfPpkd-dgl2Hf-ppHlrf-sM5MNb'])[1]
Found Element By : By.xpath: (//div[@class='VfPpkd-dgl2Hf-ppHlrf-sM5MNb'])[1]
Trying to click on: [[ChromeDriver: chrome on MAC (efec45784851b786320c3aafeb184800)] -> xpath: (//div[@class='VfPpkd-dgl2Hf-ppHlrf-sM5MNb'])[1]]
Clicked on: [[ChromeDriver: chrome on MAC (efec45784851b786320c3aafeb184800)] -> xpath: (//div[@class='VfPpkd-dgl2Hf-ppHlrf-sM5MNb'])[1]]
Trying to find Element By : By.xpath: //button[@class='yjHiqb']
Found Element By : By.xpath: //button[@class='yjHiqb']
Trying to click on: [[ChromeDriver: chrome on MAC (efec45784851b786320c3aafeb184800)] -> xpath: //button[@class='yjHiqb']]
Clicked on: [[ChromeDriver: chrome on MAC (efec45784851b786320c3aafeb184800)] -> xpath: //button[@class='yjHiqb']]
Trying to find Element By : By.xpath: //section[@class="CPFty"]//h2
Found Element By : By.xpath: //section[@class="CPFty"]//h2
]]></system-out>
    <system-err><![CDATA[Starting ChromeDriver 114.0.5735.16 (7e1ff058633f5b79b1cd7479aca585ba385519d8-refs/branch-heads/5735@{#182}) on port 8960
Only local connections are allowed.
Please see https://chromedriver.chromium.org/security-considerations for suggestions on keeping ChromeDriver safe.
ChromeDriver was started successfully.
Sep 12, 2023 5:04:13 PM org.openqa.selenium.remote.ProtocolHandshake createSession
INFO: Detected dialect: W3C
]]></system-err>
  </testcase>
  <testcase name="clickonGoToBasketButtonTest" classname="testclass.BasketPageTest" time="0.164">
    <system-out><![CDATA[Before navigating to: 'https://store.google.com/'
Navigated to:'https://store.google.com/'
Trying to find Element By : By.xpath: //div[@class='gn5mEf uFvxge']
Found Element By : By.xpath: //div[@class='gn5mEf uFvxge']
Trying to click on: [[ChromeDriver: chrome on MAC (f40e34b4e0e47024734eed9ca8553bee)] -> xpath: //div[@class='gn5mEf uFvxge']]
Clicked on: [[ChromeDriver: chrome on MAC (f40e34b4e0e47024734eed9ca8553bee)] -> xpath: //div[@class='gn5mEf uFvxge']]
Trying to find Element By : By.xpath: //input[@placeholder='Search Google Store']
Found Element By : By.xpath: //input[@placeholder='Search Google Store']
Trying to find Element By : By.xpath: (//a[@class='P0LaXe'])[1]
Found Element By : By.xpath: (//a[@class='P0LaXe'])[1]
Trying to click on: [[ChromeDriver: chrome on MAC (f40e34b4e0e47024734eed9ca8553bee)] -> xpath: (//a[@class='P0LaXe'])[1]]
Clicked on: [[ChromeDriver: chrome on MAC (f40e34b4e0e47024734eed9ca8553bee)] -> xpath: (//a[@class='P0LaXe'])[1]]
Trying to find Element By : By.xpath: //bento-button[@doc-id='google_pixel_watch']
Found Element By : By.xpath: //bento-button[@doc-id='google_pixel_watch']
Trying to click on: [[ChromeDriver: chrome on MAC (f40e34b4e0e47024734eed9ca8553bee)] -> xpath: //bento-button[@doc-id='google_pixel_watch']]
Clicked on: [[ChromeDriver: chrome on MAC (f40e34b4e0e47024734eed9ca8553bee)] -> xpath: //bento-button[@doc-id='google_pixel_watch']]
Trying to find Element By : By.xpath: //button[@aria-label='Add to basket']
Found Element By : By.xpath: //button[@aria-label='Add to basket']
Trying to click on: [[ChromeDriver: chrome on MAC (f40e34b4e0e47024734eed9ca8553bee)] -> xpath: //button[@aria-label='Add to basket']]
Clicked on: [[ChromeDriver: chrome on MAC (f40e34b4e0e47024734eed9ca8553bee)] -> xpath: //button[@aria-label='Add to basket']]
Trying to find Element By : By.xpath: (//div[@class='VfPpkd-dgl2Hf-ppHlrf-sM5MNb'])[1]
Found Element By : By.xpath: (//div[@class='VfPpkd-dgl2Hf-ppHlrf-sM5MNb'])[1]
Trying to click on: [[ChromeDriver: chrome on MAC (f40e34b4e0e47024734eed9ca8553bee)] -> xpath: (//div[@class='VfPpkd-dgl2Hf-ppHlrf-sM5MNb'])[1]]
Clicked on: [[ChromeDriver: chrome on MAC (f40e34b4e0e47024734eed9ca8553bee)] -> xpath: (//div[@class='VfPpkd-dgl2Hf-ppHlrf-sM5MNb'])[1]]
Trying to find Element By : By.xpath: //button[@class='yjHiqb']
Found Element By : By.xpath: //button[@class='yjHiqb']
Trying to click on: [[ChromeDriver: chrome on MAC (f40e34b4e0e47024734eed9ca8553bee)] -> xpath: //button[@class='yjHiqb']]
Clicked on: [[ChromeDriver: chrome on MAC (f40e34b4e0e47024734eed9ca8553bee)] -> xpath: //button[@class='yjHiqb']]
Trying to find Element By : By.xpath: //a[@class='WpHeLc VfPpkd-mRLv6 VfPpkd-RLmnJb']
Found Element By : By.xpath: //a[@class='WpHeLc VfPpkd-mRLv6 VfPpkd-RLmnJb']
Trying to click on: [[ChromeDriver: chrome on MAC (f40e34b4e0e47024734eed9ca8553bee)] -> xpath: //a[@class='WpHeLc VfPpkd-mRLv6 VfPpkd-RLmnJb']]
Clicked on: [[ChromeDriver: chrome on MAC (f40e34b4e0e47024734eed9ca8553bee)] -> xpath: //a[@class='WpHeLc VfPpkd-mRLv6 VfPpkd-RLmnJb']]
]]></system-out>
    <system-err><![CDATA[Starting ChromeDriver 114.0.5735.16 (7e1ff058633f5b79b1cd7479aca585ba385519d8-refs/branch-heads/5735@{#182}) on port 33547
Only local connections are allowed.
Please see https://chromedriver.chromium.org/security-considerations for suggestions on keeping ChromeDriver safe.
ChromeDriver was started successfully.
Sep 12, 2023 5:04:44 PM org.openqa.selenium.remote.ProtocolHandshake createSession
INFO: Detected dialect: W3C
]]></system-err>
  </testcase>
  <testcase name="verifyWatchName" classname="testclass.ProductDetailPageTest" time="0.226">
    <system-out><![CDATA[Before navigating to: 'https://store.google.com/'
Navigated to:'https://store.google.com/'
Trying to find Element By : By.xpath: //div[@class='gn5mEf uFvxge']
Found Element By : By.xpath: //div[@class='gn5mEf uFvxge']
Trying to click on: [[ChromeDriver: chrome on MAC (dd0f511b40c774c24e5d6fa4af366640)] -> xpath: //div[@class='gn5mEf uFvxge']]
Clicked on: [[ChromeDriver: chrome on MAC (dd0f511b40c774c24e5d6fa4af366640)] -> xpath: //div[@class='gn5mEf uFvxge']]
Trying to find Element By : By.xpath: //input[@placeholder='Search Google Store']
Found Element By : By.xpath: //input[@placeholder='Search Google Store']
Trying to find Element By : By.xpath: (//a[@class='P0LaXe'])[1]
Found Element By : By.xpath: (//a[@class='P0LaXe'])[1]
Trying to click on: [[ChromeDriver: chrome on MAC (dd0f511b40c774c24e5d6fa4af366640)] -> xpath: (//a[@class='P0LaXe'])[1]]
Clicked on: [[ChromeDriver: chrome on MAC (dd0f511b40c774c24e5d6fa4af366640)] -> xpath: (//a[@class='P0LaXe'])[1]]
Trying to find Element By : By.xpath: //h1[@data-test='title']
Found Element By : By.xpath: //h1[@data-test='title']
Trying to find Element By : By.xpath: (//bento-swatch[@role='radio'])[4]
Found Element By : By.xpath: (//bento-swatch[@role='radio'])[4]
Trying to click on: [[ChromeDriver: chrome on MAC (dd0f511b40c774c24e5d6fa4af366640)] -> xpath: (//bento-swatch[@role='radio'])[4]]
Clicked on: [[ChromeDriver: chrome on MAC (dd0f511b40c774c24e5d6fa4af366640)] -> xpath: (//bento-swatch[@role='radio'])[4]]
]]></system-out>
    <system-err><![CDATA[Starting ChromeDriver 114.0.5735.16 (7e1ff058633f5b79b1cd7479aca585ba385519d8-refs/branch-heads/5735@{#182}) on port 18507
Only local connections are allowed.
Please see https://chromedriver.chromium.org/security-considerations for suggestions on keeping ChromeDriver safe.
ChromeDriver was started successfully.
Sep 12, 2023 5:05:16 PM org.openqa.selenium.remote.ProtocolHandshake createSession
INFO: Detected dialect: W3C
]]></system-err>
  </testcase>
  <testcase name="ViewImage3DTest" classname="testclass.ProductDetailPageTest" time="12.001">
    <system-out><![CDATA[Before navigating to: 'https://store.google.com/'
Navigated to:'https://store.google.com/'
Trying to find Element By : By.xpath: //div[@class='gn5mEf uFvxge']
Found Element By : By.xpath: //div[@class='gn5mEf uFvxge']
Trying to click on: [[ChromeDriver: chrome on MAC (7cd63351177816c7918f3d570727c4bc)] -> xpath: //div[@class='gn5mEf uFvxge']]
Clicked on: [[ChromeDriver: chrome on MAC (7cd63351177816c7918f3d570727c4bc)] -> xpath: //div[@class='gn5mEf uFvxge']]
Trying to find Element By : By.xpath: //input[@placeholder='Search Google Store']
Found Element By : By.xpath: //input[@placeholder='Search Google Store']
Trying to find Element By : By.xpath: (//a[@class='P0LaXe'])[1]
Found Element By : By.xpath: (//a[@class='P0LaXe'])[1]
Trying to click on: [[ChromeDriver: chrome on MAC (7cd63351177816c7918f3d570727c4bc)] -> xpath: (//a[@class='P0LaXe'])[1]]
Clicked on: [[ChromeDriver: chrome on MAC (7cd63351177816c7918f3d570727c4bc)] -> xpath: (//a[@class='P0LaXe'])[1]]
Trying to find Element By : By.xpath: (//bento-swatch[@role='radio'])[4]
Found Element By : By.xpath: (//bento-swatch[@role='radio'])[4]
Trying to click on: [[ChromeDriver: chrome on MAC (7cd63351177816c7918f3d570727c4bc)] -> xpath: (//bento-swatch[@role='radio'])[4]]
Clicked on: [[ChromeDriver: chrome on MAC (7cd63351177816c7918f3d570727c4bc)] -> xpath: (//bento-swatch[@role='radio'])[4]]
Trying to find Element By : By.xpath: (//div[@class='mqn3-template-hero-split-color-picker__ar'])[4]/bento-icon-button
Found Element By : By.xpath: (//div[@class='mqn3-template-hero-split-color-picker__ar'])[4]/bento-icon-button
Trying to click on: [[ChromeDriver: chrome on MAC (7cd63351177816c7918f3d570727c4bc)] -> xpath: (//div[@class='mqn3-template-hero-split-color-picker__ar'])[4]/bento-icon-button]
Clicked on: [[ChromeDriver: chrome on MAC (7cd63351177816c7918f3d570727c4bc)] -> xpath: (//div[@class='mqn3-template-hero-split-color-picker__ar'])[4]/bento-icon-button]
Trying to find Element By : By.xpath: //button[@class='mqn3-view-in-ar-modal__x']
Found Element By : By.xpath: //button[@class='mqn3-view-in-ar-modal__x']
Trying to click on: [[ChromeDriver: chrome on MAC (7cd63351177816c7918f3d570727c4bc)] -> xpath: //button[@class='mqn3-view-in-ar-modal__x']]
Clicked on: [[ChromeDriver: chrome on MAC (7cd63351177816c7918f3d570727c4bc)] -> xpath: //button[@class='mqn3-view-in-ar-modal__x']]
]]></system-out>
    <system-err><![CDATA[Starting ChromeDriver 114.0.5735.16 (7e1ff058633f5b79b1cd7479aca585ba385519d8-refs/branch-heads/5735@{#182}) on port 37125
Only local connections are allowed.
Please see https://chromedriver.chromium.org/security-considerations for suggestions on keeping ChromeDriver safe.
ChromeDriver was started successfully.
Sep 12, 2023 5:05:32 PM org.openqa.selenium.remote.ProtocolHandshake createSession
INFO: Detected dialect: W3C
]]></system-err>
  </testcase>
  <testcase name="buyButtonTest" classname="testclass.ProductDetailPageTest" time="0.209">
    <system-out><![CDATA[Before navigating to: 'https://store.google.com/'
Navigated to:'https://store.google.com/'
Trying to find Element By : By.xpath: //div[@class='gn5mEf uFvxge']
Found Element By : By.xpath: //div[@class='gn5mEf uFvxge']
Trying to click on: [[ChromeDriver: chrome on MAC (2925828e658b3c8a84c73459292e42b9)] -> xpath: //div[@class='gn5mEf uFvxge']]
Clicked on: [[ChromeDriver: chrome on MAC (2925828e658b3c8a84c73459292e42b9)] -> xpath: //div[@class='gn5mEf uFvxge']]
Trying to find Element By : By.xpath: //input[@placeholder='Search Google Store']
Found Element By : By.xpath: //input[@placeholder='Search Google Store']
Trying to find Element By : By.xpath: (//a[@class='P0LaXe'])[1]
Found Element By : By.xpath: (//a[@class='P0LaXe'])[1]
Trying to click on: [[ChromeDriver: chrome on MAC (2925828e658b3c8a84c73459292e42b9)] -> xpath: (//a[@class='P0LaXe'])[1]]
Clicked on: [[ChromeDriver: chrome on MAC (2925828e658b3c8a84c73459292e42b9)] -> xpath: (//a[@class='P0LaXe'])[1]]
Trying to find Element By : By.xpath: //bento-button[@doc-id='google_pixel_watch']
Found Element By : By.xpath: //bento-button[@doc-id='google_pixel_watch']
Trying to click on: [[ChromeDriver: chrome on MAC (2925828e658b3c8a84c73459292e42b9)] -> xpath: //bento-button[@doc-id='google_pixel_watch']]
Clicked on: [[ChromeDriver: chrome on MAC (2925828e658b3c8a84c73459292e42b9)] -> xpath: //bento-button[@doc-id='google_pixel_watch']]
]]></system-out>
    <system-err><![CDATA[Starting ChromeDriver 114.0.5735.16 (7e1ff058633f5b79b1cd7479aca585ba385519d8-refs/branch-heads/5735@{#182}) on port 25589
Only local connections are allowed.
Please see https://chromedriver.chromium.org/security-considerations for suggestions on keeping ChromeDriver safe.
ChromeDriver was started successfully.
Sep 12, 2023 5:06:00 PM org.openqa.selenium.remote.ProtocolHandshake createSession
INFO: Detected dialect: W3C
]]></system-err>
  </testcase>
  <testcase name="verifysearchResultTitleTest" classname="testclass.SearchPageTest" time="0.052">
    <system-out><![CDATA[Before navigating to: 'https://store.google.com/'
Navigated to:'https://store.google.com/'
Trying to find Element By : By.xpath: //div[@class='gn5mEf uFvxge']
Found Element By : By.xpath: //div[@class='gn5mEf uFvxge']
Trying to click on: [[ChromeDriver: chrome on MAC (9a1ff414ee22b9b9102dbb52630b0d6f)] -> xpath: //div[@class='gn5mEf uFvxge']]
Clicked on: [[ChromeDriver: chrome on MAC (9a1ff414ee22b9b9102dbb52630b0d6f)] -> xpath: //div[@class='gn5mEf uFvxge']]
Trying to find Element By : By.xpath: //input[@placeholder='Search Google Store']
Found Element By : By.xpath: //input[@placeholder='Search Google Store']
Trying to find Element By : By.xpath: //h1[@class='bv5GNd']
Found Element By : By.xpath: //h1[@class='bv5GNd']
Trying to find Element By : By.xpath: //h1[@class='bv5GNd']/strong
Found Element By : By.xpath: //h1[@class='bv5GNd']/strong
]]></system-out>
    <system-err><![CDATA[Starting ChromeDriver 114.0.5735.16 (7e1ff058633f5b79b1cd7479aca585ba385519d8-refs/branch-heads/5735@{#182}) on port 21597
Only local connections are allowed.
Please see https://chromedriver.chromium.org/security-considerations for suggestions on keeping ChromeDriver safe.
ChromeDriver was started successfully.
Sep 12, 2023 5:06:16 PM org.openqa.selenium.remote.ProtocolHandshake createSession
INFO: Detected dialect: W3C
]]></system-err>
  </testcase>
  <testcase name="numberOfResultTest" classname="testclass.SearchPageTest" time="0.027">
    <system-out><![CDATA[Before navigating to: 'https://store.google.com/'
Navigated to:'https://store.google.com/'
Trying to find Element By : By.xpath: //div[@class='gn5mEf uFvxge']
Found Element By : By.xpath: //div[@class='gn5mEf uFvxge']
Trying to click on: [[ChromeDriver: chrome on MAC (3528efff4b712d286176be61077f8b72)] -> xpath: //div[@class='gn5mEf uFvxge']]
Clicked on: [[ChromeDriver: chrome on MAC (3528efff4b712d286176be61077f8b72)] -> xpath: //div[@class='gn5mEf uFvxge']]
Trying to find Element By : By.xpath: //input[@placeholder='Search Google Store']
Found Element By : By.xpath: //input[@placeholder='Search Google Store']
Trying to find Element By : By.xpath: //div[@class='ZaNmsc']/section[1]//h2
Found Element By : By.xpath: //div[@class='ZaNmsc']/section[1]//h2
]]></system-out>
    <system-err><![CDATA[Starting ChromeDriver 114.0.5735.16 (7e1ff058633f5b79b1cd7479aca585ba385519d8-refs/branch-heads/5735@{#182}) on port 31918
Only local connections are allowed.
Please see https://chromedriver.chromium.org/security-considerations for suggestions on keeping ChromeDriver safe.
ChromeDriver was started successfully.
Sep 12, 2023 5:06:26 PM org.openqa.selenium.remote.ProtocolHandshake createSession
INFO: Detected dialect: W3C
]]></system-err>
  </testcase>
  <testcase name="watchImageTest" classname="testclass.SearchPageTest" time="0.031">
    <system-out><![CDATA[Before navigating to: 'https://store.google.com/'
Navigated to:'https://store.google.com/'
Trying to find Element By : By.xpath: //div[@class='gn5mEf uFvxge']
Found Element By : By.xpath: //div[@class='gn5mEf uFvxge']
Trying to click on: [[ChromeDriver: chrome on MAC (f4341e2bc9e533ea6f4a046e17f2bea7)] -> xpath: //div[@class='gn5mEf uFvxge']]
Clicked on: [[ChromeDriver: chrome on MAC (f4341e2bc9e533ea6f4a046e17f2bea7)] -> xpath: //div[@class='gn5mEf uFvxge']]
Trying to find Element By : By.xpath: //input[@placeholder='Search Google Store']
Found Element By : By.xpath: //input[@placeholder='Search Google Store']
Trying to find Element By : By.xpath: (//div[@class = 'OGN3Ee'])[1]
Found Element By : By.xpath: (//div[@class = 'OGN3Ee'])[1]
]]></system-out>
    <system-err><![CDATA[Starting ChromeDriver 114.0.5735.16 (7e1ff058633f5b79b1cd7479aca585ba385519d8-refs/branch-heads/5735@{#182}) on port 29529
Only local connections are allowed.
Please see https://chromedriver.chromium.org/security-considerations for suggestions on keeping ChromeDriver safe.
ChromeDriver was started successfully.
Sep 12, 2023 5:06:36 PM org.openqa.selenium.remote.ProtocolHandshake createSession
INFO: Detected dialect: W3C
]]></system-err>
  </testcase>
  <testcase name="watchNameTest" classname="testclass.SearchPageTest" time="0.034">
    <system-out><![CDATA[Before navigating to: 'https://store.google.com/'
Navigated to:'https://store.google.com/'
Trying to find Element By : By.xpath: //div[@class='gn5mEf uFvxge']
Found Element By : By.xpath: //div[@class='gn5mEf uFvxge']
Trying to click on: [[ChromeDriver: chrome on MAC (eb378f810f6e46abf6abe423d61d7880)] -> xpath: //div[@class='gn5mEf uFvxge']]
Clicked on: [[ChromeDriver: chrome on MAC (eb378f810f6e46abf6abe423d61d7880)] -> xpath: //div[@class='gn5mEf uFvxge']]
Trying to find Element By : By.xpath: //input[@placeholder='Search Google Store']
Found Element By : By.xpath: //input[@placeholder='Search Google Store']
Trying to find Element By : By.xpath: (//h2[@class = 'type-body-copy--standard'])[1]
Found Element By : By.xpath: (//h2[@class = 'type-body-copy--standard'])[1]
]]></system-out>
    <system-err><![CDATA[Starting ChromeDriver 114.0.5735.16 (7e1ff058633f5b79b1cd7479aca585ba385519d8-refs/branch-heads/5735@{#182}) on port 12199
Only local connections are allowed.
Please see https://chromedriver.chromium.org/security-considerations for suggestions on keeping ChromeDriver safe.
ChromeDriver was started successfully.
Sep 12, 2023 5:06:46 PM org.openqa.selenium.remote.ProtocolHandshake createSession
INFO: Detected dialect: W3C
]]></system-err>
  </testcase>
  <testcase name="clickOnWatchToPurchase" classname="testclass.SearchPageTest" time="5.199">
    <system-out><![CDATA[Before navigating to: 'https://store.google.com/'
Navigated to:'https://store.google.com/'
Trying to find Element By : By.xpath: //div[@class='gn5mEf uFvxge']
Found Element By : By.xpath: //div[@class='gn5mEf uFvxge']
Trying to click on: [[ChromeDriver: chrome on MAC (60251109f21029a16641757514d3c93e)] -> xpath: //div[@class='gn5mEf uFvxge']]
Clicked on: [[ChromeDriver: chrome on MAC (60251109f21029a16641757514d3c93e)] -> xpath: //div[@class='gn5mEf uFvxge']]
Trying to find Element By : By.xpath: //input[@placeholder='Search Google Store']
Found Element By : By.xpath: //input[@placeholder='Search Google Store']
Trying to find Element By : By.xpath: (//a[@class='P0LaXe'])[1]
Found Element By : By.xpath: (//a[@class='P0LaXe'])[1]
Trying to click on: [[ChromeDriver: chrome on MAC (60251109f21029a16641757514d3c93e)] -> xpath: (//a[@class='P0LaXe'])[1]]
Clicked on: [[ChromeDriver: chrome on MAC (60251109f21029a16641757514d3c93e)] -> xpath: (//a[@class='P0LaXe'])[1]]
]]></system-out>
    <system-err><![CDATA[Starting ChromeDriver 114.0.5735.16 (7e1ff058633f5b79b1cd7479aca585ba385519d8-refs/branch-heads/5735@{#182}) on port 29346
Only local connections are allowed.
Please see https://chromedriver.chromium.org/security-considerations for suggestions on keeping ChromeDriver safe.
ChromeDriver was started successfully.
Sep 12, 2023 5:06:56 PM org.openqa.selenium.remote.ProtocolHandshake createSession
INFO: Detected dialect: W3C
]]></system-err>
  </testcase>
</testsuite>